# JRE version: Java(TM) SE Runtime Environment (21.0.2+13) (build 21.0.2+13-LTS-58)
# Java VM: Java HotSpot(TM) 64-Bit Server VM (21.0.2+13-LTS-58, mixed mode, sharing, tiered, compressed oops, compressed class ptrs, g1 gc, windows-amd64)
GC Precious Log:
 CardTable entry size: 512
 Card Set container configuration: InlinePtr #cards 4 size 8 Array Of Cards #cards 64 size 144 Howl #buckets 8 coarsen threshold 14745 Howl Bitmap #cards 2048 size 272 coarsen threshold 1843 Card regions per heap region 1 cards per card region 16384
 CPUs: 20 total, 20 available
 Memory: 65192M
 Large Page Support: Disabled
 NUMA Support: Disabled
 Compressed Oops: Enabled (Zero based)
 Heap Region Size: 8M
 Heap Min Capacity: 8M
 Heap Initial Capacity: 1G
 Heap Max Capacity: 16304M
 Pre-touch: Disabled
 Parallel Workers: 15
 Concurrent Workers: 4
 Concurrent Refinement Workers: 15
 Periodic GC: Disabled
Heap:
 garbage-first heap   total 1990656K, used 46087K [0x0000000405000000, 0x0000000800000000)
  region size 8192K, 1 young (8192K), 1 survivors (8192K)
 Metaspace       used 25302K, committed 25728K, reserved 1114112K
  class space    used 3024K, committed 3200K, reserved 1048576K
GC Heap History (20 events):
Event: 536450.103 GC heap after
{Heap after GC invocations=322281 (full 0):
 garbage-first heap   total 1990656K, used 46087K [0x0000000405000000, 0x0000000800000000)
  region size 8192K, 1 young (8192K), 1 survivors (8192K)
 Metaspace       used 25302K, committed 25728K, reserved 1114112K
  class space    used 3024K, committed 3200K, reserved 1048576K
}
Event: 536451.964 GC heap before
{Heap before GC invocations=322281 (full 0):
 garbage-first heap   total 1990656K, used 881671K [0x0000000405000000, 0x0000000800000000)
  region size 8192K, 2 young (16384K), 1 survivors (8192K)
 Metaspace       used 25302K, committed 25728K, reserved 1114112K
  class space    used 3024K, committed 3200K, reserved 1048576K
}
Event: 536451.992 GC heap after
{Heap after GC invocations=322282 (full 0):
 garbage-first heap   total 1990656K, used 46087K [0x0000000405000000, 0x0000000800000000)
  region size 8192K, 1 young (8192K), 1 survivors (8192K)
 Metaspace       used 25302K, committed 25728K, reserved 1114112K
  class space    used 3024K, committed 3200K, reserved 1048576K
}
Event: 536453.575 GC heap before
{Heap before GC invocations=322282 (full 0):
 garbage-first heap   total 1990656K, used 881671K [0x0000000405000000, 0x0000000800000000)
  region size 8192K, 2 young (16384K), 1 survivors (8192K)
 Metaspace       used 25302K, committed 25728K, reserved 1114112K
  class space    used 3024K, committed 3200K, reserved 1048576K
}
Event: 536453.592 GC heap after
{Heap after GC invocations=322283 (full 0):
 garbage-first heap   total 1990656K, used 46087K [0x0000000405000000, 0x0000000800000000)
  region size 8192K, 1 young (8192K), 1 survivors (8192K)
 Metaspace       used 25302K, committed 25728K, reserved 1114112K
  class space    used 3024K, committed 3200K, reserved 1048576K
}
Event: 536455.230 GC heap before
{Heap before GC invocations=322283 (full 0):
 garbage-first heap   total 1990656K, used 881671K [0x0000000405000000, 0x0000000800000000)
  region size 8192K, 2 young (16384K), 1 survivors (8192K)
 Metaspace       used 25302K, committed 25728K, reserved 1114112K
  class space    used 3024K, committed 3200K, reserved 1048576K
}
Event: 536455.327 GC heap after
{Heap after GC invocations=322284 (full 0):
 garbage-first heap   total 1990656K, used 46087K [0x0000000405000000, 0x0000000800000000)
  region size 8192K, 1 young (8192K), 1 survivors (8192K)
 Metaspace       used 25302K, committed 25728K, reserved 1114112K
  class space    used 3024K, committed 3200K, reserved 1048576K
}
Event: 536456.748 GC heap before
{Heap before GC invocations=322284 (full 0):
 garbage-first heap   total 1990656K, used 881671K [0x0000000405000000, 0x0000000800000000)
  region size 8192K, 2 young (16384K), 1 survivors (8192K)
 Metaspace       used 25302K, committed 25728K, reserved 1114112K
  class space    used 3024K, committed 3200K, reserved 1048576K
}
Event: 536456.757 GC heap after
{Heap after GC invocations=322285 (full 0):
 garbage-first heap   total 1990656K, used 46087K [0x0000000405000000, 0x0000000800000000)
  region size 8192K, 1 young (8192K), 1 survivors (8192K)
 Metaspace       used 25302K, committed 25728K, reserved 1114112K
  class space    used 3024K, committed 3200K, reserved 1048576K
}
Event: 536458.229 GC heap before
{Heap before GC invocations=322285 (full 0):
 garbage-first heap   total 1990656K, used 881671K [0x0000000405000000, 0x0000000800000000)
  region size 8192K, 2 young (16384K), 1 survivors (8192K)
 Metaspace       used 25302K, committed 25728K, reserved 1114112K
  class space    used 3024K, committed 3200K, reserved 1048576K
}
Event: 536458.241 GC heap after
{Heap after GC invocations=322286 (full 0):
 garbage-first heap   total 1990656K, used 46087K [0x0000000405000000, 0x0000000800000000)
  region size 8192K, 1 young (8192K), 1 survivors (8192K)
 Metaspace       used 25302K, committed 25728K, reserved 1114112K
  class space    used 3024K, committed 3200K, reserved 1048576K
}
Event: 536459.395 GC heap before
{Heap before GC invocations=322286 (full 0):
 garbage-first heap   total 1990656K, used 881671K [0x0000000405000000, 0x0000000800000000)
  region size 8192K, 2 young (16384K), 1 survivors (8192K)
 Metaspace       used 25302K, committed 25728K, reserved 1114112K
  class space    used 3024K, committed 3200K, reserved 1048576K
}
Event: 536459.405 GC heap after
{Heap after GC invocations=322287 (full 0):
 garbage-first heap   total 1990656K, used 46087K [0x0000000405000000, 0x0000000800000000)
  region size 8192K, 1 young (8192K), 1 survivors (8192K)
 Metaspace       used 25302K, committed 25728K, reserved 1114112K
  class space    used 3024K, committed 3200K, reserved 1048576K
}
Event: 536460.692 GC heap before
{Heap before GC invocations=322287 (full 0):
 garbage-first heap   total 1990656K, used 881671K [0x0000000405000000, 0x0000000800000000)
  region size 8192K, 2 young (16384K), 1 survivors (8192K)
 Metaspace       used 25302K, committed 25728K, reserved 1114112K
  class space    used 3024K, committed 3200K, reserved 1048576K
}
Event: 536460.722 GC heap after
{Heap after GC invocations=322288 (full 0):
 garbage-first heap   total 1990656K, used 46087K [0x0000000405000000, 0x0000000800000000)
  region size 8192K, 1 young (8192K), 1 survivors (8192K)
 Metaspace       used 25302K, committed 25728K, reserved 1114112K
  class space    used 3024K, committed 3200K, reserved 1048576K
}
Event: 536461.979 GC heap before
{Heap before GC invocations=322288 (full 0):
 garbage-first heap   total 1990656K, used 881671K [0x0000000405000000, 0x0000000800000000)
  region size 8192K, 2 young (16384K), 1 survivors (8192K)
 Metaspace       used 25302K, committed 25728K, reserved 1114112K
  class space    used 3024K, committed 3200K, reserved 1048576K
}
Event: 536462.073 GC heap after
{Heap after GC invocations=322289 (full 0):
 garbage-first heap   total 1990656K, used 46087K [0x0000000405000000, 0x0000000800000000)
  region size 8192K, 1 young (8192K), 1 survivors (8192K)
 Metaspace       used 25302K, committed 25728K, reserved 1114112K
  class space    used 3024K, committed 3200K, reserved 1048576K
}
Event: 536463.203 GC heap before
{Heap before GC invocations=322289 (full 0):
 garbage-first heap   total 1990656K, used 881671K [0x0000000405000000, 0x0000000800000000)
  region size 8192K, 2 young (16384K), 1 survivors (8192K)
 Metaspace       used 25302K, committed 25728K, reserved 1114112K
  class space    used 3024K, committed 3200K, reserved 1048576K
}
Event: 536463.249 GC heap after
{Heap after GC invocations=322290 (full 0):
 garbage-first heap   total 1990656K, used 46087K [0x0000000405000000, 0x0000000800000000)
  region size 8192K, 1 young (8192K), 1 survivors (8192K)
 Metaspace       used 25302K, committed 25728K, reserved 1114112K
  class space    used 3024K, committed 3200K, reserved 1048576K
}
Event: 536464.853 GC heap before
{Heap before GC invocations=322290 (full 0):
 garbage-first heap   total 1990656K, used 881671K [0x0000000405000000, 0x0000000800000000)
  region size 8192K, 2 young (16384K), 1 survivors (8192K)
 Metaspace       used 25302K, committed 25728K, reserved 1114112K
  class space    used 3024K, committed 3200K, reserved 1048576K
}

